<?xml version="1.0" encoding="UTF-8"?>
<!-- Generated by org.testng.reporters.JUnitReportReporter -->
<testsuite skipped="0" hostname="esat" name="mail.Yandex.HomePage" tests="1" failures="0" timestamp="12 Mar 2020 03:41:26 GMT" time="40.767" errors="0">
  <testcase name="basePageNavigation" time="40.767" classname="mail.Yandex.HomePage"/>
</testsuite> <!-- mail.Yandex.HomePage -->
