<?xml version="1.0" encoding="UTF-8"?>
<!-- Generated by org.testng.reporters.JUnitReportReporter -->
<testsuite skipped="0" hostname="esat" name="mail.Yandex.MainTest" tests="1" failures="0" timestamp="12 Mar 2020 06:08:06 GMT" time="13.718" errors="0">
  <testcase name="SendingMailTestMethod" time="13.718" classname="mail.Yandex.MainTest"/>
</testsuite> <!-- mail.Yandex.MainTest -->
